2014/04/03 20:50:39 [error] [exception.CException] exception 'CException' with message 'Не определено свойство "Guests.".' in Z:\home\guestbook.ru\framework\base\CComponent.php:173
Stack trace:
#0 Z:\home\guestbook.ru\framework\db\ar\CActiveRecord.php(161): CComponent->__set('', Object(CActiveDataProvider))
#1 Z:\home\guestbook.ru\www\protected\controllers\GuestsController.php(128): CActiveRecord->__set('', Object(CActiveDataProvider))
#2 Z:\home\guestbook.ru\framework\web\actions\CInlineAction.php(49): GuestsController->actionIndex()
#3 Z:\home\guestbook.ru\framework\web\CController.php(308): CInlineAction->runWithParams(Array)
#4 Z:\home\guestbook.ru\framework\web\filters\CFilterChain.php(133): CController->runAction(Object(CInlineAction))
#5 Z:\home\guestbook.ru\framework\web\filters\CFilter.php(40): CFilterChain->run()
#6 Z:\home\guestbook.ru\framework\web\CController.php(1145): CFilter->filter(Object(CFilterChain))
#7 Z:\home\guestbook.ru\framework\web\filters\CInlineFilter.php(58): CController->filterAccessControl(Object(CFilterChain))
#8 Z:\home\guestbook.ru\framework\web\filters\CFilterChain.php(130): CInlineFilter->filter(Object(CFilterChain))
#9 Z:\home\guestbook.ru\framework\web\CController.php(291): CFilterChain->run()
#10 Z:\home\guestbook.ru\framework\web\CController.php(265): CController->runActionWithFilters(Object(CInlineAction), Array)
#11 Z:\home\guestbook.ru\framework\web\CWebApplication.php(282): CController->run('')
#12 Z:\home\guestbook.ru\framework\web\CWebApplication.php(141): CWebApplication->runController('guests')
#13 Z:\home\guestbook.ru\framework\base\CApplication.php(180): CWebApplication->processRequest()
#14 Z:\home\guestbook.ru\www\index.php(13): CApplication->run()
#15 {main}
REQUEST_URI=/index.php?r=guests
---
2014/04/03 21:17:16 [error] [exception.CException] exception 'CException' with message 'В классе Guests и его поведениях не найден метод или замыкание с именем "getRowCssClass".' in Z:\home\guestbook.ru\framework\base\CComponent.php:266
Stack trace:
#0 Z:\home\guestbook.ru\framework\db\ar\CActiveRecord.php(227): CComponent->__call('getRowCssClass', Array)
#1 Z:\home\guestbook.ru\framework\base\CComponent.php(612) : eval()'d code(1): CActiveRecord->__call('getRowCssClass', Array)
#2 Z:\home\guestbook.ru\framework\base\CComponent.php(612) : eval()'d code(1): Guests->getRowCssClass()
#3 Z:\home\guestbook.ru\framework\base\CComponent.php(612): eval()
#4 Z:\home\guestbook.ru\framework\zii\widgets\grid\CGridView.php(601): CComponent->evaluateExpression('$data->getRowCs...', Array)
#5 Z:\home\guestbook.ru\framework\zii\widgets\grid\CGridView.php(572): CGridView->renderTableRow(0)
#6 Z:\home\guestbook.ru\framework\zii\widgets\grid\CGridView.php(482): CGridView->renderTableBody()
#7 Z:\home\guestbook.ru\framework\zii\widgets\CBaseListView.php(167): CGridView->renderItems()
#8 [internal function]: CBaseListView->renderSection(Array)
#9 Z:\home\guestbook.ru\framework\zii\widgets\CBaseListView.php(150): preg_replace_callback('/{(\w+)}/', Array, '{summary}?{item...')
#10 Z:\home\guestbook.ru\framework\zii\widgets\CBaseListView.php(135): CBaseListView->renderContent()
#11 Z:\home\guestbook.ru\framework\web\CBaseController.php(173): CBaseListView->run()
#12 Z:\home\guestbook.ru\www\protected\views\guests\index.php(10): CBaseController->widget('zii.widgets.gri...', Array)
#13 Z:\home\guestbook.ru\framework\web\CBaseController.php(126): require('Z:\home\guestbo...')
#14 Z:\home\guestbook.ru\framework\web\CBaseController.php(95): CBaseController->renderInternal('Z:\home\guestbo...', Array, true)
#15 Z:\home\guestbook.ru\framework\web\CController.php(869): CBaseController->renderFile('Z:\home\guestbo...', Array, true)
#16 Z:\home\guestbook.ru\framework\web\CController.php(782): CController->renderPartial('index', Array, true)
#17 Z:\home\guestbook.ru\www\protected\controllers\GuestsController.php(129): CController->render('index', Array)
#18 Z:\home\guestbook.ru\framework\web\actions\CInlineAction.php(49): GuestsController->actionIndex()
#19 Z:\home\guestbook.ru\framework\web\CController.php(308): CInlineAction->runWithParams(Array)
#20 Z:\home\guestbook.ru\framework\web\filters\CFilterChain.php(133): CController->runAction(Object(CInlineAction))
#21 Z:\home\guestbook.ru\framework\web\filters\CFilter.php(40): CFilterChain->run()
#22 Z:\home\guestbook.ru\framework\web\CController.php(1145): CFilter->filter(Object(CFilterChain))
#23 Z:\home\guestbook.ru\framework\web\filters\CInlineFilter.php(58): CController->filterAccessControl(Object(CFilterChain))
#24 Z:\home\guestbook.ru\framework\web\filters\CFilterChain.php(130): CInlineFilter->filter(Object(CFilterChain))
#25 Z:\home\guestbook.ru\framework\web\CController.php(291): CFilterChain->run()
#26 Z:\home\guestbook.ru\framework\web\CController.php(265): CController->runActionWithFilters(Object(CInlineAction), Array)
#27 Z:\home\guestbook.ru\framework\web\CWebApplication.php(282): CController->run('')
#28 Z:\home\guestbook.ru\framework\web\CWebApplication.php(141): CWebApplication->runController('guests')
#29 Z:\home\guestbook.ru\framework\base\CApplication.php(180): CWebApplication->processRequest()
#30 Z:\home\guestbook.ru\www\index.php(13): CApplication->run()
#31 {main}
REQUEST_URI=/index.php?r=guests
---
2014/04/03 21:35:49 [error] [exception.CException] exception 'CException' with message 'Свойство "dataProvider" не может быть пустым.' in Z:\home\guestbook.ru\framework\zii\widgets\CBaseListView.php:109
Stack trace:
#0 Z:\home\guestbook.ru\framework\zii\widgets\grid\CGridView.php(339): CBaseListView->init()
#1 Z:\home\guestbook.ru\framework\web\CBaseController.php(147): CGridView->init()
#2 Z:\home\guestbook.ru\framework\web\CBaseController.php(172): CBaseController->createWidget('zii.widgets.gri...', Array)
#3 Z:\home\guestbook.ru\www\protected\views\guests\index.php(6): CBaseController->widget('zii.widgets.gri...', Array)
#4 Z:\home\guestbook.ru\framework\web\CBaseController.php(126): require('Z:\home\guestbo...')
#5 Z:\home\guestbook.ru\framework\web\CBaseController.php(95): CBaseController->renderInternal('Z:\home\guestbo...', NULL, true)
#6 Z:\home\guestbook.ru\framework\web\CController.php(869): CBaseController->renderFile('Z:\home\guestbo...', NULL, true)
#7 Z:\home\guestbook.ru\framework\web\CController.php(782): CController->renderPartial('index', NULL, true)
#8 Z:\home\guestbook.ru\www\protected\controllers\GuestsController.php(141): CController->render('index')
#9 Z:\home\guestbook.ru\framework\web\actions\CInlineAction.php(49): GuestsController->actionIndex()
#10 Z:\home\guestbook.ru\framework\web\CController.php(308): CInlineAction->runWithParams(Array)
#11 Z:\home\guestbook.ru\framework\web\filters\CFilterChain.php(133): CController->runAction(Object(CInlineAction))
#12 Z:\home\guestbook.ru\framework\web\filters\CFilter.php(40): CFilterChain->run()
#13 Z:\home\guestbook.ru\framework\web\CController.php(1145): CFilter->filter(Object(CFilterChain))
#14 Z:\home\guestbook.ru\framework\web\filters\CInlineFilter.php(58): CController->filterAccessControl(Object(CFilterChain))
#15 Z:\home\guestbook.ru\framework\web\filters\CFilterChain.php(130): CInlineFilter->filter(Object(CFilterChain))
#16 Z:\home\guestbook.ru\framework\web\CController.php(291): CFilterChain->run()
#17 Z:\home\guestbook.ru\framework\web\CController.php(265): CController->runActionWithFilters(Object(CInlineAction), Array)
#18 Z:\home\guestbook.ru\framework\web\CWebApplication.php(282): CController->run('')
#19 Z:\home\guestbook.ru\framework\web\CWebApplication.php(141): CWebApplication->runController('guests')
#20 Z:\home\guestbook.ru\framework\base\CApplication.php(180): CWebApplication->processRequest()
#21 Z:\home\guestbook.ru\www\index.php(13): CApplication->run()
#22 {main}
REQUEST_URI=/index.php?r=guests
---
2014/04/03 21:44:06 [error] [exception.CException] exception 'CException' with message 'Свойство "dataProvider" не может быть пустым.' in Z:\home\guestbook.ru\framework\zii\widgets\CBaseListView.php:109
Stack trace:
#0 Z:\home\guestbook.ru\framework\zii\widgets\grid\CGridView.php(339): CBaseListView->init()
#1 Z:\home\guestbook.ru\framework\web\CBaseController.php(147): CGridView->init()
#2 Z:\home\guestbook.ru\framework\web\CBaseController.php(172): CBaseController->createWidget('zii.widgets.gri...', Array)
#3 Z:\home\guestbook.ru\www\protected\views\guests\index.php(7): CBaseController->widget('zii.widgets.gri...', Array)
#4 Z:\home\guestbook.ru\framework\web\CBaseController.php(126): require('Z:\home\guestbo...')
#5 Z:\home\guestbook.ru\framework\web\CBaseController.php(95): CBaseController->renderInternal('Z:\home\guestbo...', NULL, true)
#6 Z:\home\guestbook.ru\framework\web\CController.php(869): CBaseController->renderFile('Z:\home\guestbo...', NULL, true)
#7 Z:\home\guestbook.ru\framework\web\CController.php(782): CController->renderPartial('index', NULL, true)
#8 Z:\home\guestbook.ru\www\protected\controllers\GuestsController.php(125): CController->render('index')
#9 Z:\home\guestbook.ru\framework\web\actions\CInlineAction.php(49): GuestsController->actionIndex()
#10 Z:\home\guestbook.ru\framework\web\CController.php(308): CInlineAction->runWithParams(Array)
#11 Z:\home\guestbook.ru\framework\web\filters\CFilterChain.php(133): CController->runAction(Object(CInlineAction))
#12 Z:\home\guestbook.ru\framework\web\filters\CFilter.php(40): CFilterChain->run()
#13 Z:\home\guestbook.ru\framework\web\CController.php(1145): CFilter->filter(Object(CFilterChain))
#14 Z:\home\guestbook.ru\framework\web\filters\CInlineFilter.php(58): CController->filterAccessControl(Object(CFilterChain))
#15 Z:\home\guestbook.ru\framework\web\filters\CFilterChain.php(130): CInlineFilter->filter(Object(CFilterChain))
#16 Z:\home\guestbook.ru\framework\web\CController.php(291): CFilterChain->run()
#17 Z:\home\guestbook.ru\framework\web\CController.php(265): CController->runActionWithFilters(Object(CInlineAction), Array)
#18 Z:\home\guestbook.ru\framework\web\CWebApplication.php(282): CController->run('')
#19 Z:\home\guestbook.ru\framework\web\CWebApplication.php(141): CWebApplication->runController('guests')
#20 Z:\home\guestbook.ru\framework\base\CApplication.php(180): CWebApplication->processRequest()
#21 Z:\home\guestbook.ru\www\index.php(13): CApplication->run()
#22 {main}
REQUEST_URI=/index.php?r=guests
---
2014/04/03 21:45:40 [error] [php] Object of class CSqlDataProvider could not be converted to string (Z:\home\guestbook.ru\www\protected\controllers\GuestsController.php:137)
Stack trace:
#0 Z:\home\guestbook.ru\framework\web\filters\CFilterChain.php(133): GuestsController->runAction()
#1 Z:\home\guestbook.ru\framework\web\filters\CFilter.php(40): CFilterChain->run()
#2 Z:\home\guestbook.ru\framework\web\CController.php(1145): CAccessControlFilter->filter()
#3 Z:\home\guestbook.ru\framework\web\filters\CInlineFilter.php(58): GuestsController->filterAccessControl()
#4 Z:\home\guestbook.ru\framework\web\filters\CFilterChain.php(130): CInlineFilter->filter()
#5 Z:\home\guestbook.ru\framework\web\CController.php(291): CFilterChain->run()
#6 Z:\home\guestbook.ru\framework\web\CController.php(265): GuestsController->runActionWithFilters()
#7 Z:\home\guestbook.ru\framework\web\CWebApplication.php(282): GuestsController->run()
#8 Z:\home\guestbook.ru\framework\web\CWebApplication.php(141): CWebApplication->runController()
#9 Z:\home\guestbook.ru\framework\base\CApplication.php(180): CWebApplication->processRequest()
#10 Z:\home\guestbook.ru\www\index.php(13): CWebApplication->run()
REQUEST_URI=/index.php?r=guests
in Z:\home\guestbook.ru\www\protected\controllers\GuestsController.php (137)
in Z:\home\guestbook.ru\www\index.php (13)
2014/04/03 21:45:42 [error] [php] Object of class CSqlDataProvider could not be converted to string (Z:\home\guestbook.ru\www\protected\controllers\GuestsController.php:137)
Stack trace:
#0 Z:\home\guestbook.ru\framework\web\filters\CFilterChain.php(133): GuestsController->runAction()
#1 Z:\home\guestbook.ru\framework\web\filters\CFilter.php(40): CFilterChain->run()
#2 Z:\home\guestbook.ru\framework\web\CController.php(1145): CAccessControlFilter->filter()
#3 Z:\home\guestbook.ru\framework\web\filters\CInlineFilter.php(58): GuestsController->filterAccessControl()
#4 Z:\home\guestbook.ru\framework\web\filters\CFilterChain.php(130): CInlineFilter->filter()
#5 Z:\home\guestbook.ru\framework\web\CController.php(291): CFilterChain->run()
#6 Z:\home\guestbook.ru\framework\web\CController.php(265): GuestsController->runActionWithFilters()
#7 Z:\home\guestbook.ru\framework\web\CWebApplication.php(282): GuestsController->run()
#8 Z:\home\guestbook.ru\framework\web\CWebApplication.php(141): CWebApplication->runController()
#9 Z:\home\guestbook.ru\framework\base\CApplication.php(180): CWebApplication->processRequest()
#10 Z:\home\guestbook.ru\www\index.php(13): CWebApplication->run()
REQUEST_URI=/index.php?r=guests
in Z:\home\guestbook.ru\www\protected\controllers\GuestsController.php (137)
in Z:\home\guestbook.ru\www\index.php (13)
2014/04/03 21:45:52 [error] [exception.CException] exception 'CException' with message 'Свойство "dataProvider" не может быть пустым.' in Z:\home\guestbook.ru\framework\zii\widgets\CBaseListView.php:109
Stack trace:
#0 Z:\home\guestbook.ru\framework\zii\widgets\grid\CGridView.php(339): CBaseListView->init()
#1 Z:\home\guestbook.ru\framework\web\CBaseController.php(147): CGridView->init()
#2 Z:\home\guestbook.ru\framework\web\CBaseController.php(172): CBaseController->createWidget('zii.widgets.gri...', Array)
#3 Z:\home\guestbook.ru\www\protected\views\guests\index.php(7): CBaseController->widget('zii.widgets.gri...', Array)
#4 Z:\home\guestbook.ru\framework\web\CBaseController.php(126): require('Z:\home\guestbo...')
#5 Z:\home\guestbook.ru\framework\web\CBaseController.php(95): CBaseController->renderInternal('Z:\home\guestbo...', Object(CSqlDataProvider), true)
#6 Z:\home\guestbook.ru\framework\web\CController.php(869): CBaseController->renderFile('Z:\home\guestbo...', Object(CSqlDataProvider), true)
#7 Z:\home\guestbook.ru\framework\web\CController.php(782): CController->renderPartial('index', Object(CSqlDataProvider), true)
#8 Z:\home\guestbook.ru\www\protected\controllers\GuestsController.php(137): CController->render('index', Object(CSqlDataProvider))
#9 Z:\home\guestbook.ru\framework\web\actions\CInlineAction.php(49): GuestsController->actionIndex()
#10 Z:\home\guestbook.ru\framework\web\CController.php(308): CInlineAction->runWithParams(Array)
#11 Z:\home\guestbook.ru\framework\web\filters\CFilterChain.php(133): CController->runAction(Object(CInlineAction))
#12 Z:\home\guestbook.ru\framework\web\filters\CFilter.php(40): CFilterChain->run()
#13 Z:\home\guestbook.ru\framework\web\CController.php(1145): CFilter->filter(Object(CFilterChain))
#14 Z:\home\guestbook.ru\framework\web\filters\CInlineFilter.php(58): CController->filterAccessControl(Object(CFilterChain))
#15 Z:\home\guestbook.ru\framework\web\filters\CFilterChain.php(130): CInlineFilter->filter(Object(CFilterChain))
#16 Z:\home\guestbook.ru\framework\web\CController.php(291): CFilterChain->run()
#17 Z:\home\guestbook.ru\framework\web\CController.php(265): CController->runActionWithFilters(Object(CInlineAction), Array)
#18 Z:\home\guestbook.ru\framework\web\CWebApplication.php(282): CController->run('')
#19 Z:\home\guestbook.ru\framework\web\CWebApplication.php(141): CWebApplication->runController('guests')
#20 Z:\home\guestbook.ru\framework\base\CApplication.php(180): CWebApplication->processRequest()
#21 Z:\home\guestbook.ru\www\index.php(13): CApplication->run()
#22 {main}
REQUEST_URI=/index.php?r=guests
---
2014/04/03 22:03:08 [error] [exception.CException] exception 'CException' with message 'Свойство "dataProvider" не может быть пустым.' in Z:\home\guestbook.ru\framework\zii\widgets\CBaseListView.php:109
Stack trace:
#0 Z:\home\guestbook.ru\framework\zii\widgets\grid\CGridView.php(339): CBaseListView->init()
#1 Z:\home\guestbook.ru\framework\web\CBaseController.php(147): CGridView->init()
#2 Z:\home\guestbook.ru\framework\web\CBaseController.php(172): CBaseController->createWidget('zii.widgets.gri...', Array)
#3 Z:\home\guestbook.ru\www\protected\views\guests\index.php(7): CBaseController->widget('zii.widgets.gri...', Array)
#4 Z:\home\guestbook.ru\framework\web\CBaseController.php(126): require('Z:\home\guestbo...')
#5 Z:\home\guestbook.ru\framework\web\CBaseController.php(95): CBaseController->renderInternal('Z:\home\guestbo...', Object(CSqlDataProvider), true)
#6 Z:\home\guestbook.ru\framework\web\CController.php(869): CBaseController->renderFile('Z:\home\guestbo...', Object(CSqlDataProvider), true)
#7 Z:\home\guestbook.ru\framework\web\CController.php(782): CController->renderPartial('index', Object(CSqlDataProvider), true)
#8 Z:\home\guestbook.ru\www\protected\controllers\GuestsController.php(137): CController->render('index', Object(CSqlDataProvider))
#9 Z:\home\guestbook.ru\framework\web\actions\CInlineAction.php(49): GuestsController->actionIndex()
#10 Z:\home\guestbook.ru\framework\web\CController.php(308): CInlineAction->runWithParams(Array)
#11 Z:\home\guestbook.ru\framework\web\filters\CFilterChain.php(133): CController->runAction(Object(CInlineAction))
#12 Z:\home\guestbook.ru\framework\web\filters\CFilter.php(40): CFilterChain->run()
#13 Z:\home\guestbook.ru\framework\web\CController.php(1145): CFilter->filter(Object(CFilterChain))
#14 Z:\home\guestbook.ru\framework\web\filters\CInlineFilter.php(58): CController->filterAccessControl(Object(CFilterChain))
#15 Z:\home\guestbook.ru\framework\web\filters\CFilterChain.php(130): CInlineFilter->filter(Object(CFilterChain))
#16 Z:\home\guestbook.ru\framework\web\CController.php(291): CFilterChain->run()
#17 Z:\home\guestbook.ru\framework\web\CController.php(265): CController->runActionWithFilters(Object(CInlineAction), Array)
#18 Z:\home\guestbook.ru\framework\web\CWebApplication.php(282): CController->run('')
#19 Z:\home\guestbook.ru\framework\web\CWebApplication.php(141): CWebApplication->runController('guests')
#20 Z:\home\guestbook.ru\framework\base\CApplication.php(180): CWebApplication->processRequest()
#21 Z:\home\guestbook.ru\www\index.php(13): CApplication->run()
#22 {main}
REQUEST_URI=/index.php?r=guests
---
2014/04/03 22:06:14 [error] [exception.CException] exception 'CException' with message 'Свойство "dataProvider" не может быть пустым.' in Z:\home\guestbook.ru\framework\zii\widgets\CBaseListView.php:109
Stack trace:
#0 Z:\home\guestbook.ru\framework\zii\widgets\grid\CGridView.php(339): CBaseListView->init()
#1 Z:\home\guestbook.ru\framework\web\CBaseController.php(147): CGridView->init()
#2 Z:\home\guestbook.ru\framework\web\CBaseController.php(172): CBaseController->createWidget('zii.widgets.gri...', Array)
#3 Z:\home\guestbook.ru\www\protected\views\guests\index.php(7): CBaseController->widget('zii.widgets.gri...', Array)
#4 Z:\home\guestbook.ru\framework\web\CBaseController.php(126): require('Z:\home\guestbo...')
#5 Z:\home\guestbook.ru\framework\web\CBaseController.php(95): CBaseController->renderInternal('Z:\home\guestbo...', NULL, true)
#6 Z:\home\guestbook.ru\framework\web\CController.php(869): CBaseController->renderFile('Z:\home\guestbo...', NULL, true)
#7 Z:\home\guestbook.ru\framework\web\CController.php(782): CController->renderPartial('index', NULL, true)
#8 Z:\home\guestbook.ru\www\protected\controllers\GuestsController.php(139): CController->render('index')
#9 Z:\home\guestbook.ru\framework\web\actions\CInlineAction.php(49): GuestsController->actionIndex()
#10 Z:\home\guestbook.ru\framework\web\CController.php(308): CInlineAction->runWithParams(Array)
#11 Z:\home\guestbook.ru\framework\web\filters\CFilterChain.php(133): CController->runAction(Object(CInlineAction))
#12 Z:\home\guestbook.ru\framework\web\filters\CFilter.php(40): CFilterChain->run()
#13 Z:\home\guestbook.ru\framework\web\CController.php(1145): CFilter->filter(Object(CFilterChain))
#14 Z:\home\guestbook.ru\framework\web\filters\CInlineFilter.php(58): CController->filterAccessControl(Object(CFilterChain))
#15 Z:\home\guestbook.ru\framework\web\filters\CFilterChain.php(130): CInlineFilter->filter(Object(CFilterChain))
#16 Z:\home\guestbook.ru\framework\web\CController.php(291): CFilterChain->run()
#17 Z:\home\guestbook.ru\framework\web\CController.php(265): CController->runActionWithFilters(Object(CInlineAction), Array)
#18 Z:\home\guestbook.ru\framework\web\CWebApplication.php(282): CController->run('')
#19 Z:\home\guestbook.ru\framework\web\CWebApplication.php(141): CWebApplication->runController('guests')
#20 Z:\home\guestbook.ru\framework\base\CApplication.php(180): CWebApplication->processRequest()
#21 Z:\home\guestbook.ru\www\index.php(13): CApplication->run()
#22 {main}
REQUEST_URI=/index.php?r=guests
---
2014/04/03 22:06:16 [error] [exception.CException] exception 'CException' with message 'Свойство "dataProvider" не может быть пустым.' in Z:\home\guestbook.ru\framework\zii\widgets\CBaseListView.php:109
Stack trace:
#0 Z:\home\guestbook.ru\framework\zii\widgets\grid\CGridView.php(339): CBaseListView->init()
#1 Z:\home\guestbook.ru\framework\web\CBaseController.php(147): CGridView->init()
#2 Z:\home\guestbook.ru\framework\web\CBaseController.php(172): CBaseController->createWidget('zii.widgets.gri...', Array)
#3 Z:\home\guestbook.ru\www\protected\views\guests\index.php(7): CBaseController->widget('zii.widgets.gri...', Array)
#4 Z:\home\guestbook.ru\framework\web\CBaseController.php(126): require('Z:\home\guestbo...')
#5 Z:\home\guestbook.ru\framework\web\CBaseController.php(95): CBaseController->renderInternal('Z:\home\guestbo...', NULL, true)
#6 Z:\home\guestbook.ru\framework\web\CController.php(869): CBaseController->renderFile('Z:\home\guestbo...', NULL, true)
#7 Z:\home\guestbook.ru\framework\web\CController.php(782): CController->renderPartial('index', NULL, true)
#8 Z:\home\guestbook.ru\www\protected\controllers\GuestsController.php(139): CController->render('index')
#9 Z:\home\guestbook.ru\framework\web\actions\CInlineAction.php(49): GuestsController->actionIndex()
#10 Z:\home\guestbook.ru\framework\web\CController.php(308): CInlineAction->runWithParams(Array)
#11 Z:\home\guestbook.ru\framework\web\filters\CFilterChain.php(133): CController->runAction(Object(CInlineAction))
#12 Z:\home\guestbook.ru\framework\web\filters\CFilter.php(40): CFilterChain->run()
#13 Z:\home\guestbook.ru\framework\web\CController.php(1145): CFilter->filter(Object(CFilterChain))
#14 Z:\home\guestbook.ru\framework\web\filters\CInlineFilter.php(58): CController->filterAccessControl(Object(CFilterChain))
#15 Z:\home\guestbook.ru\framework\web\filters\CFilterChain.php(130): CInlineFilter->filter(Object(CFilterChain))
#16 Z:\home\guestbook.ru\framework\web\CController.php(291): CFilterChain->run()
#17 Z:\home\guestbook.ru\framework\web\CController.php(265): CController->runActionWithFilters(Object(CInlineAction), Array)
#18 Z:\home\guestbook.ru\framework\web\CWebApplication.php(282): CController->run('')
#19 Z:\home\guestbook.ru\framework\web\CWebApplication.php(141): CWebApplication->runController('guests')
#20 Z:\home\guestbook.ru\framework\base\CApplication.php(180): CWebApplication->processRequest()
#21 Z:\home\guestbook.ru\www\index.php(13): CApplication->run()
#22 {main}
REQUEST_URI=/index.php?r=guests
---
2014/04/03 22:07:16 [error] [exception.CException] exception 'CException' with message 'Свойство "dataProvider" не может быть пустым.' in Z:\home\guestbook.ru\framework\zii\widgets\CBaseListView.php:109
Stack trace:
#0 Z:\home\guestbook.ru\framework\zii\widgets\grid\CGridView.php(339): CBaseListView->init()
#1 Z:\home\guestbook.ru\framework\web\CBaseController.php(147): CGridView->init()
#2 Z:\home\guestbook.ru\framework\web\CBaseController.php(172): CBaseController->createWidget('zii.widgets.gri...', Array)
#3 Z:\home\guestbook.ru\www\protected\views\guests\index.php(7): CBaseController->widget('zii.widgets.gri...', Array)
#4 Z:\home\guestbook.ru\framework\web\CBaseController.php(126): require('Z:\home\guestbo...')
#5 Z:\home\guestbook.ru\framework\web\CBaseController.php(95): CBaseController->renderInternal('Z:\home\guestbo...', NULL, true)
#6 Z:\home\guestbook.ru\framework\web\CController.php(869): CBaseController->renderFile('Z:\home\guestbo...', NULL, true)
#7 Z:\home\guestbook.ru\framework\web\CController.php(782): CController->renderPartial('index', NULL, true)
#8 Z:\home\guestbook.ru\www\protected\controllers\GuestsController.php(140): CController->render('index')
#9 Z:\home\guestbook.ru\framework\web\actions\CInlineAction.php(49): GuestsController->actionIndex()
#10 Z:\home\guestbook.ru\framework\web\CController.php(308): CInlineAction->runWithParams(Array)
#11 Z:\home\guestbook.ru\framework\web\filters\CFilterChain.php(133): CController->runAction(Object(CInlineAction))
#12 Z:\home\guestbook.ru\framework\web\filters\CFilter.php(40): CFilterChain->run()
#13 Z:\home\guestbook.ru\framework\web\CController.php(1145): CFilter->filter(Object(CFilterChain))
#14 Z:\home\guestbook.ru\framework\web\filters\CInlineFilter.php(58): CController->filterAccessControl(Object(CFilterChain))
#15 Z:\home\guestbook.ru\framework\web\filters\CFilterChain.php(130): CInlineFilter->filter(Object(CFilterChain))
#16 Z:\home\guestbook.ru\framework\web\CController.php(291): CFilterChain->run()
#17 Z:\home\guestbook.ru\framework\web\CController.php(265): CController->runActionWithFilters(Object(CInlineAction), Array)
#18 Z:\home\guestbook.ru\framework\web\CWebApplication.php(282): CController->run('')
#19 Z:\home\guestbook.ru\framework\web\CWebApplication.php(141): CWebApplication->runController('guests')
#20 Z:\home\guestbook.ru\framework\base\CApplication.php(180): CWebApplication->processRequest()
#21 Z:\home\guestbook.ru\www\index.php(13): CApplication->run()
#22 {main}
REQUEST_URI=/index.php?r=guests
---
2014/04/03 22:07:18 [error] [exception.CException] exception 'CException' with message 'Свойство "dataProvider" не может быть пустым.' in Z:\home\guestbook.ru\framework\zii\widgets\CBaseListView.php:109
Stack trace:
#0 Z:\home\guestbook.ru\framework\zii\widgets\grid\CGridView.php(339): CBaseListView->init()
#1 Z:\home\guestbook.ru\framework\web\CBaseController.php(147): CGridView->init()
#2 Z:\home\guestbook.ru\framework\web\CBaseController.php(172): CBaseController->createWidget('zii.widgets.gri...', Array)
#3 Z:\home\guestbook.ru\www\protected\views\guests\index.php(7): CBaseController->widget('zii.widgets.gri...', Array)
#4 Z:\home\guestbook.ru\framework\web\CBaseController.php(126): require('Z:\home\guestbo...')
#5 Z:\home\guestbook.ru\framework\web\CBaseController.php(95): CBaseController->renderInternal('Z:\home\guestbo...', NULL, true)
#6 Z:\home\guestbook.ru\framework\web\CController.php(869): CBaseController->renderFile('Z:\home\guestbo...', NULL, true)
#7 Z:\home\guestbook.ru\framework\web\CController.php(782): CController->renderPartial('index', NULL, true)
#8 Z:\home\guestbook.ru\www\protected\controllers\GuestsController.php(140): CController->render('index')
#9 Z:\home\guestbook.ru\framework\web\actions\CInlineAction.php(49): GuestsController->actionIndex()
#10 Z:\home\guestbook.ru\framework\web\CController.php(308): CInlineAction->runWithParams(Array)
#11 Z:\home\guestbook.ru\framework\web\filters\CFilterChain.php(133): CController->runAction(Object(CInlineAction))
#12 Z:\home\guestbook.ru\framework\web\filters\CFilter.php(40): CFilterChain->run()
#13 Z:\home\guestbook.ru\framework\web\CController.php(1145): CFilter->filter(Object(CFilterChain))
#14 Z:\home\guestbook.ru\framework\web\filters\CInlineFilter.php(58): CController->filterAccessControl(Object(CFilterChain))
#15 Z:\home\guestbook.ru\framework\web\filters\CFilterChain.php(130): CInlineFilter->filter(Object(CFilterChain))
#16 Z:\home\guestbook.ru\framework\web\CController.php(291): CFilterChain->run()
#17 Z:\home\guestbook.ru\framework\web\CController.php(265): CController->runActionWithFilters(Object(CInlineAction), Array)
#18 Z:\home\guestbook.ru\framework\web\CWebApplication.php(282): CController->run('')
#19 Z:\home\guestbook.ru\framework\web\CWebApplication.php(141): CWebApplication->runController('guests')
#20 Z:\home\guestbook.ru\framework\base\CApplication.php(180): CWebApplication->processRequest()
#21 Z:\home\guestbook.ru\www\index.php(13): CApplication->run()
#22 {main}
REQUEST_URI=/index.php?r=guests
---
2014/04/03 22:07:35 [error] [exception.CException] exception 'CException' with message 'Свойство "dataProvider" не может быть пустым.' in Z:\home\guestbook.ru\framework\zii\widgets\CBaseListView.php:109
Stack trace:
#0 Z:\home\guestbook.ru\framework\zii\widgets\grid\CGridView.php(339): CBaseListView->init()
#1 Z:\home\guestbook.ru\framework\web\CBaseController.php(147): CGridView->init()
#2 Z:\home\guestbook.ru\framework\web\CBaseController.php(172): CBaseController->createWidget('zii.widgets.gri...', Array)
#3 Z:\home\guestbook.ru\www\protected\views\guests\index.php(7): CBaseController->widget('zii.widgets.gri...', Array)
#4 Z:\home\guestbook.ru\framework\web\CBaseController.php(126): require('Z:\home\guestbo...')
#5 Z:\home\guestbook.ru\framework\web\CBaseController.php(95): CBaseController->renderInternal('Z:\home\guestbo...', NULL, true)
#6 Z:\home\guestbook.ru\framework\web\CController.php(869): CBaseController->renderFile('Z:\home\guestbo...', NULL, true)
#7 Z:\home\guestbook.ru\framework\web\CController.php(782): CController->renderPartial('index', NULL, true)
#8 Z:\home\guestbook.ru\www\protected\controllers\GuestsController.php(125): CController->render('index')
#9 Z:\home\guestbook.ru\framework\web\actions\CInlineAction.php(49): GuestsController->actionIndex()
#10 Z:\home\guestbook.ru\framework\web\CController.php(308): CInlineAction->runWithParams(Array)
#11 Z:\home\guestbook.ru\framework\web\filters\CFilterChain.php(133): CController->runAction(Object(CInlineAction))
#12 Z:\home\guestbook.ru\framework\web\filters\CFilter.php(40): CFilterChain->run()
#13 Z:\home\guestbook.ru\framework\web\CController.php(1145): CFilter->filter(Object(CFilterChain))
#14 Z:\home\guestbook.ru\framework\web\filters\CInlineFilter.php(58): CController->filterAccessControl(Object(CFilterChain))
#15 Z:\home\guestbook.ru\framework\web\filters\CFilterChain.php(130): CInlineFilter->filter(Object(CFilterChain))
#16 Z:\home\guestbook.ru\framework\web\CController.php(291): CFilterChain->run()
#17 Z:\home\guestbook.ru\framework\web\CController.php(265): CController->runActionWithFilters(Object(CInlineAction), Array)
#18 Z:\home\guestbook.ru\framework\web\CWebApplication.php(282): CController->run('')
#19 Z:\home\guestbook.ru\framework\web\CWebApplication.php(141): CWebApplication->runController('guests')
#20 Z:\home\guestbook.ru\framework\base\CApplication.php(180): CWebApplication->processRequest()
#21 Z:\home\guestbook.ru\www\index.php(13): CApplication->run()
#22 {main}
REQUEST_URI=/index.php?r=guests
---
2014/04/03 22:07:57 [error] [exception.CException] exception 'CException' with message 'Свойство "dataProvider" не может быть пустым.' in Z:\home\guestbook.ru\framework\zii\widgets\CBaseListView.php:109
Stack trace:
#0 Z:\home\guestbook.ru\framework\zii\widgets\grid\CGridView.php(339): CBaseListView->init()
#1 Z:\home\guestbook.ru\framework\web\CBaseController.php(147): CGridView->init()
#2 Z:\home\guestbook.ru\framework\web\CBaseController.php(172): CBaseController->createWidget('zii.widgets.gri...', Array)
#3 Z:\home\guestbook.ru\www\protected\views\guests\index.php(7): CBaseController->widget('zii.widgets.gri...', Array)
#4 Z:\home\guestbook.ru\framework\web\CBaseController.php(126): require('Z:\home\guestbo...')
#5 Z:\home\guestbook.ru\framework\web\CBaseController.php(95): CBaseController->renderInternal('Z:\home\guestbo...', NULL, true)
#6 Z:\home\guestbook.ru\framework\web\CController.php(869): CBaseController->renderFile('Z:\home\guestbo...', NULL, true)
#7 Z:\home\guestbook.ru\framework\web\CController.php(782): CController->renderPartial('index', NULL, true)
#8 Z:\home\guestbook.ru\www\protected\controllers\GuestsController.php(137): CController->render('index')
#9 Z:\home\guestbook.ru\framework\web\actions\CInlineAction.php(49): GuestsController->actionIndex()
#10 Z:\home\guestbook.ru\framework\web\CController.php(308): CInlineAction->runWithParams(Array)
#11 Z:\home\guestbook.ru\framework\web\filters\CFilterChain.php(133): CController->runAction(Object(CInlineAction))
#12 Z:\home\guestbook.ru\framework\web\filters\CFilter.php(40): CFilterChain->run()
#13 Z:\home\guestbook.ru\framework\web\CController.php(1145): CFilter->filter(Object(CFilterChain))
#14 Z:\home\guestbook.ru\framework\web\filters\CInlineFilter.php(58): CController->filterAccessControl(Object(CFilterChain))
#15 Z:\home\guestbook.ru\framework\web\filters\CFilterChain.php(130): CInlineFilter->filter(Object(CFilterChain))
#16 Z:\home\guestbook.ru\framework\web\CController.php(291): CFilterChain->run()
#17 Z:\home\guestbook.ru\framework\web\CController.php(265): CController->runActionWithFilters(Object(CInlineAction), Array)
#18 Z:\home\guestbook.ru\framework\web\CWebApplication.php(282): CController->run('')
#19 Z:\home\guestbook.ru\framework\web\CWebApplication.php(141): CWebApplication->runController('guests')
#20 Z:\home\guestbook.ru\framework\base\CApplication.php(180): CWebApplication->processRequest()
#21 Z:\home\guestbook.ru\www\index.php(13): CApplication->run()
#22 {main}
REQUEST_URI=/index.php?r=guests
---
2014/04/03 22:24:14 [error] [exception.CException] exception 'CException' with message 'Не определено свойство "CPagination.0".' in Z:\home\guestbook.ru\framework\base\CComponent.php:173
Stack trace:
#0 Z:\home\guestbook.ru\framework\web\CDataProvider.php(106): CComponent->__set('0', '')
#1 Z:\home\guestbook.ru\framework\base\CComponent.php(152): CDataProvider->setPagination(Array)
#2 Z:\home\guestbook.ru\framework\web\CSqlDataProvider.php(68): CComponent->__set('pagination', Array)
#3 Z:\home\guestbook.ru\www\protected\controllers\GuestsController.php(136): CSqlDataProvider->__construct('select * from g...', Array)
#4 Z:\home\guestbook.ru\framework\web\actions\CInlineAction.php(49): GuestsController->actionIndex()
#5 Z:\home\guestbook.ru\framework\web\CController.php(308): CInlineAction->runWithParams(Array)
#6 Z:\home\guestbook.ru\framework\web\filters\CFilterChain.php(133): CController->runAction(Object(CInlineAction))
#7 Z:\home\guestbook.ru\framework\web\filters\CFilter.php(40): CFilterChain->run()
#8 Z:\home\guestbook.ru\framework\web\CController.php(1145): CFilter->filter(Object(CFilterChain))
#9 Z:\home\guestbook.ru\framework\web\filters\CInlineFilter.php(58): CController->filterAccessControl(Object(CFilterChain))
#10 Z:\home\guestbook.ru\framework\web\filters\CFilterChain.php(130): CInlineFilter->filter(Object(CFilterChain))
#11 Z:\home\guestbook.ru\framework\web\CController.php(291): CFilterChain->run()
#12 Z:\home\guestbook.ru\framework\web\CController.php(265): CController->runActionWithFilters(Object(CInlineAction), Array)
#13 Z:\home\guestbook.ru\framework\web\CWebApplication.php(282): CController->run('')
#14 Z:\home\guestbook.ru\framework\web\CWebApplication.php(141): CWebApplication->runController('guests')
#15 Z:\home\guestbook.ru\framework\base\CApplication.php(180): CWebApplication->processRequest()
#16 Z:\home\guestbook.ru\www\index.php(13): CApplication->run()
#17 {main}
REQUEST_URI=/index.php?r=guests
---
2014/04/03 23:12:37 [error] [exception.CException] exception 'CException' with message 'Не определено свойство "CGridView.colums".' in Z:\home\guestbook.ru\framework\base\CComponent.php:173
Stack trace:
#0 Z:\home\guestbook.ru\framework\web\CWidgetFactory.php(161): CComponent->__set('colums', Array)
#1 Z:\home\guestbook.ru\framework\web\CBaseController.php(146): CWidgetFactory->createWidget(Object(GuestsController), 'zii.widgets.gri...', Array)
#2 Z:\home\guestbook.ru\framework\web\CBaseController.php(172): CBaseController->createWidget('zii.widgets.gri...', Array)
#3 Z:\home\guestbook.ru\www\protected\views\guests\index.php(19): CBaseController->widget('zii.widgets.gri...', Array)
#4 Z:\home\guestbook.ru\framework\web\CBaseController.php(126): require('Z:\home\guestbo...')
#5 Z:\home\guestbook.ru\framework\web\CBaseController.php(95): CBaseController->renderInternal('Z:\home\guestbo...', NULL, true)
#6 Z:\home\guestbook.ru\framework\web\CController.php(869): CBaseController->renderFile('Z:\home\guestbo...', NULL, true)
#7 Z:\home\guestbook.ru\framework\web\CController.php(782): CController->renderPartial('index', NULL, true)
#8 Z:\home\guestbook.ru\www\protected\controllers\GuestsController.php(122): CController->render('index')
#9 Z:\home\guestbook.ru\framework\web\actions\CInlineAction.php(49): GuestsController->actionIndex()
#10 Z:\home\guestbook.ru\framework\web\CController.php(308): CInlineAction->runWithParams(Array)
#11 Z:\home\guestbook.ru\framework\web\filters\CFilterChain.php(133): CController->runAction(Object(CInlineAction))
#12 Z:\home\guestbook.ru\framework\web\filters\CFilter.php(40): CFilterChain->run()
#13 Z:\home\guestbook.ru\framework\web\CController.php(1145): CFilter->filter(Object(CFilterChain))
#14 Z:\home\guestbook.ru\framework\web\filters\CInlineFilter.php(58): CController->filterAccessControl(Object(CFilterChain))
#15 Z:\home\guestbook.ru\framework\web\filters\CFilterChain.php(130): CInlineFilter->filter(Object(CFilterChain))
#16 Z:\home\guestbook.ru\framework\web\CController.php(291): CFilterChain->run()
#17 Z:\home\guestbook.ru\framework\web\CController.php(265): CController->runActionWithFilters(Object(CInlineAction), Array)
#18 Z:\home\guestbook.ru\framework\web\CWebApplication.php(282): CController->run('')
#19 Z:\home\guestbook.ru\framework\web\CWebApplication.php(141): CWebApplication->runController('guests')
#20 Z:\home\guestbook.ru\framework\base\CApplication.php(180): CWebApplication->processRequest()
#21 Z:\home\guestbook.ru\www\index.php(13): CApplication->run()
#22 {main}
REQUEST_URI=/index.php?r=guests
---
2014/04/03 23:12:42 [error] [exception.CException] exception 'CException' with message 'Не определено свойство "CGridView.colums".' in Z:\home\guestbook.ru\framework\base\CComponent.php:173
Stack trace:
#0 Z:\home\guestbook.ru\framework\web\CWidgetFactory.php(161): CComponent->__set('colums', Array)
#1 Z:\home\guestbook.ru\framework\web\CBaseController.php(146): CWidgetFactory->createWidget(Object(GuestsController), 'zii.widgets.gri...', Array)
#2 Z:\home\guestbook.ru\framework\web\CBaseController.php(172): CBaseController->createWidget('zii.widgets.gri...', Array)
#3 Z:\home\guestbook.ru\www\protected\views\guests\index.php(19): CBaseController->widget('zii.widgets.gri...', Array)
#4 Z:\home\guestbook.ru\framework\web\CBaseController.php(126): require('Z:\home\guestbo...')
#5 Z:\home\guestbook.ru\framework\web\CBaseController.php(95): CBaseController->renderInternal('Z:\home\guestbo...', NULL, true)
#6 Z:\home\guestbook.ru\framework\web\CController.php(869): CBaseController->renderFile('Z:\home\guestbo...', NULL, true)
#7 Z:\home\guestbook.ru\framework\web\CController.php(782): CController->renderPartial('index', NULL, true)
#8 Z:\home\guestbook.ru\www\protected\controllers\GuestsController.php(122): CController->render('index')
#9 Z:\home\guestbook.ru\framework\web\actions\CInlineAction.php(49): GuestsController->actionIndex()
#10 Z:\home\guestbook.ru\framework\web\CController.php(308): CInlineAction->runWithParams(Array)
#11 Z:\home\guestbook.ru\framework\web\filters\CFilterChain.php(133): CController->runAction(Object(CInlineAction))
#12 Z:\home\guestbook.ru\framework\web\filters\CFilter.php(40): CFilterChain->run()
#13 Z:\home\guestbook.ru\framework\web\CController.php(1145): CFilter->filter(Object(CFilterChain))
#14 Z:\home\guestbook.ru\framework\web\filters\CInlineFilter.php(58): CController->filterAccessControl(Object(CFilterChain))
#15 Z:\home\guestbook.ru\framework\web\filters\CFilterChain.php(130): CInlineFilter->filter(Object(CFilterChain))
#16 Z:\home\guestbook.ru\framework\web\CController.php(291): CFilterChain->run()
#17 Z:\home\guestbook.ru\framework\web\CController.php(265): CController->runActionWithFilters(Object(CInlineAction), Array)
#18 Z:\home\guestbook.ru\framework\web\CWebApplication.php(282): CController->run('')
#19 Z:\home\guestbook.ru\framework\web\CWebApplication.php(141): CWebApplication->runController('guests')
#20 Z:\home\guestbook.ru\framework\base\CApplication.php(180): CWebApplication->processRequest()
#21 Z:\home\guestbook.ru\www\index.php(13): CApplication->run()
#22 {main}
REQUEST_URI=/index.php?r=guests
---
2014/04/03 23:12:50 [error] [exception.CException] exception 'CException' with message 'Не определено свойство "CGridView.colums".' in Z:\home\guestbook.ru\framework\base\CComponent.php:173
Stack trace:
#0 Z:\home\guestbook.ru\framework\web\CWidgetFactory.php(161): CComponent->__set('colums', Array)
#1 Z:\home\guestbook.ru\framework\web\CBaseController.php(146): CWidgetFactory->createWidget(Object(GuestsController), 'zii.widgets.gri...', Array)
#2 Z:\home\guestbook.ru\framework\web\CBaseController.php(172): CBaseController->createWidget('zii.widgets.gri...', Array)
#3 Z:\home\guestbook.ru\www\protected\views\guests\index.php(18): CBaseController->widget('zii.widgets.gri...', Array)
#4 Z:\home\guestbook.ru\framework\web\CBaseController.php(126): require('Z:\home\guestbo...')
#5 Z:\home\guestbook.ru\framework\web\CBaseController.php(95): CBaseController->renderInternal('Z:\home\guestbo...', NULL, true)
#6 Z:\home\guestbook.ru\framework\web\CController.php(869): CBaseController->renderFile('Z:\home\guestbo...', NULL, true)
#7 Z:\home\guestbook.ru\framework\web\CController.php(782): CController->renderPartial('index', NULL, true)
#8 Z:\home\guestbook.ru\www\protected\controllers\GuestsController.php(122): CController->render('index')
#9 Z:\home\guestbook.ru\framework\web\actions\CInlineAction.php(49): GuestsController->actionIndex()
#10 Z:\home\guestbook.ru\framework\web\CController.php(308): CInlineAction->runWithParams(Array)
#11 Z:\home\guestbook.ru\framework\web\filters\CFilterChain.php(133): CController->runAction(Object(CInlineAction))
#12 Z:\home\guestbook.ru\framework\web\filters\CFilter.php(40): CFilterChain->run()
#13 Z:\home\guestbook.ru\framework\web\CController.php(1145): CFilter->filter(Object(CFilterChain))
#14 Z:\home\guestbook.ru\framework\web\filters\CInlineFilter.php(58): CController->filterAccessControl(Object(CFilterChain))
#15 Z:\home\guestbook.ru\framework\web\filters\CFilterChain.php(130): CInlineFilter->filter(Object(CFilterChain))
#16 Z:\home\guestbook.ru\framework\web\CController.php(291): CFilterChain->run()
#17 Z:\home\guestbook.ru\framework\web\CController.php(265): CController->runActionWithFilters(Object(CInlineAction), Array)
#18 Z:\home\guestbook.ru\framework\web\CWebApplication.php(282): CController->run('')
#19 Z:\home\guestbook.ru\framework\web\CWebApplication.php(141): CWebApplication->runController('guests')
#20 Z:\home\guestbook.ru\framework\base\CApplication.php(180): CWebApplication->processRequest()
#21 Z:\home\guestbook.ru\www\index.php(13): CApplication->run()
#22 {main}
REQUEST_URI=/index.php?r=guests
---
2014/04/03 23:13:24 [error] [exception.CException] exception 'CException' with message 'Не определено свойство "CGridView.colums".' in Z:\home\guestbook.ru\framework\base\CComponent.php:173
Stack trace:
#0 Z:\home\guestbook.ru\framework\web\CWidgetFactory.php(161): CComponent->__set('colums', Array)
#1 Z:\home\guestbook.ru\framework\web\CBaseController.php(146): CWidgetFactory->createWidget(Object(GuestsController), 'zii.widgets.gri...', Array)
#2 Z:\home\guestbook.ru\framework\web\CBaseController.php(172): CBaseController->createWidget('zii.widgets.gri...', Array)
#3 Z:\home\guestbook.ru\www\protected\views\guests\index.php(17): CBaseController->widget('zii.widgets.gri...', Array)
#4 Z:\home\guestbook.ru\framework\web\CBaseController.php(126): require('Z:\home\guestbo...')
#5 Z:\home\guestbook.ru\framework\web\CBaseController.php(95): CBaseController->renderInternal('Z:\home\guestbo...', NULL, true)
#6 Z:\home\guestbook.ru\framework\web\CController.php(869): CBaseController->renderFile('Z:\home\guestbo...', NULL, true)
#7 Z:\home\guestbook.ru\framework\web\CController.php(782): CController->renderPartial('index', NULL, true)
#8 Z:\home\guestbook.ru\www\protected\controllers\GuestsController.php(122): CController->render('index')
#9 Z:\home\guestbook.ru\framework\web\actions\CInlineAction.php(49): GuestsController->actionIndex()
#10 Z:\home\guestbook.ru\framework\web\CController.php(308): CInlineAction->runWithParams(Array)
#11 Z:\home\guestbook.ru\framework\web\filters\CFilterChain.php(133): CController->runAction(Object(CInlineAction))
#12 Z:\home\guestbook.ru\framework\web\filters\CFilter.php(40): CFilterChain->run()
#13 Z:\home\guestbook.ru\framework\web\CController.php(1145): CFilter->filter(Object(CFilterChain))
#14 Z:\home\guestbook.ru\framework\web\filters\CInlineFilter.php(58): CController->filterAccessControl(Object(CFilterChain))
#15 Z:\home\guestbook.ru\framework\web\filters\CFilterChain.php(130): CInlineFilter->filter(Object(CFilterChain))
#16 Z:\home\guestbook.ru\framework\web\CController.php(291): CFilterChain->run()
#17 Z:\home\guestbook.ru\framework\web\CController.php(265): CController->runActionWithFilters(Object(CInlineAction), Array)
#18 Z:\home\guestbook.ru\framework\web\CWebApplication.php(282): CController->run('')
#19 Z:\home\guestbook.ru\framework\web\CWebApplication.php(141): CWebApplication->runController('guests')
#20 Z:\home\guestbook.ru\framework\base\CApplication.php(180): CWebApplication->processRequest()
#21 Z:\home\guestbook.ru\www\index.php(13): CApplication->run()
#22 {main}
REQUEST_URI=/index.php?r=guests
---
2014/04/03 23:13:25 [error] [exception.CException] exception 'CException' with message 'Не определено свойство "CGridView.colums".' in Z:\home\guestbook.ru\framework\base\CComponent.php:173
Stack trace:
#0 Z:\home\guestbook.ru\framework\web\CWidgetFactory.php(161): CComponent->__set('colums', Array)
#1 Z:\home\guestbook.ru\framework\web\CBaseController.php(146): CWidgetFactory->createWidget(Object(GuestsController), 'zii.widgets.gri...', Array)
#2 Z:\home\guestbook.ru\framework\web\CBaseController.php(172): CBaseController->createWidget('zii.widgets.gri...', Array)
#3 Z:\home\guestbook.ru\www\protected\views\guests\index.php(17): CBaseController->widget('zii.widgets.gri...', Array)
#4 Z:\home\guestbook.ru\framework\web\CBaseController.php(126): require('Z:\home\guestbo...')
#5 Z:\home\guestbook.ru\framework\web\CBaseController.php(95): CBaseController->renderInternal('Z:\home\guestbo...', NULL, true)
#6 Z:\home\guestbook.ru\framework\web\CController.php(869): CBaseController->renderFile('Z:\home\guestbo...', NULL, true)
#7 Z:\home\guestbook.ru\framework\web\CController.php(782): CController->renderPartial('index', NULL, true)
#8 Z:\home\guestbook.ru\www\protected\controllers\GuestsController.php(122): CController->render('index')
#9 Z:\home\guestbook.ru\framework\web\actions\CInlineAction.php(49): GuestsController->actionIndex()
#10 Z:\home\guestbook.ru\framework\web\CController.php(308): CInlineAction->runWithParams(Array)
#11 Z:\home\guestbook.ru\framework\web\filters\CFilterChain.php(133): CController->runAction(Object(CInlineAction))
#12 Z:\home\guestbook.ru\framework\web\filters\CFilter.php(40): CFilterChain->run()
#13 Z:\home\guestbook.ru\framework\web\CController.php(1145): CFilter->filter(Object(CFilterChain))
#14 Z:\home\guestbook.ru\framework\web\filters\CInlineFilter.php(58): CController->filterAccessControl(Object(CFilterChain))
#15 Z:\home\guestbook.ru\framework\web\filters\CFilterChain.php(130): CInlineFilter->filter(Object(CFilterChain))
#16 Z:\home\guestbook.ru\framework\web\CController.php(291): CFilterChain->run()
#17 Z:\home\guestbook.ru\framework\web\CController.php(265): CController->runActionWithFilters(Object(CInlineAction), Array)
#18 Z:\home\guestbook.ru\framework\web\CWebApplication.php(282): CController->run('')
#19 Z:\home\guestbook.ru\framework\web\CWebApplication.php(141): CWebApplication->runController('guests')
#20 Z:\home\guestbook.ru\framework\base\CApplication.php(180): CWebApplication->processRequest()
#21 Z:\home\guestbook.ru\www\index.php(13): CApplication->run()
#22 {main}
REQUEST_URI=/index.php?r=guests
---
2014/04/03 23:27:44 [error] [exception.CException] exception 'CException' with message 'Не определено свойство "CSqlDataProvider.cssFile".' in Z:\home\guestbook.ru\framework\base\CComponent.php:173
Stack trace:
#0 Z:\home\guestbook.ru\framework\web\CSqlDataProvider.php(68): CComponent->__set('cssFile', '/css/cgridview/...')
#1 Z:\home\guestbook.ru\www\protected\views\guests\index.php(12): CSqlDataProvider->__construct('select * from g...', Array)
#2 Z:\home\guestbook.ru\framework\web\CBaseController.php(126): require('Z:\home\guestbo...')
#3 Z:\home\guestbook.ru\framework\web\CBaseController.php(95): CBaseController->renderInternal('Z:\home\guestbo...', NULL, true)
#4 Z:\home\guestbook.ru\framework\web\CController.php(869): CBaseController->renderFile('Z:\home\guestbo...', NULL, true)
#5 Z:\home\guestbook.ru\framework\web\CController.php(782): CController->renderPartial('index', NULL, true)
#6 Z:\home\guestbook.ru\www\protected\controllers\GuestsController.php(122): CController->render('index')
#7 Z:\home\guestbook.ru\framework\web\actions\CInlineAction.php(49): GuestsController->actionIndex()
#8 Z:\home\guestbook.ru\framework\web\CController.php(308): CInlineAction->runWithParams(Array)
#9 Z:\home\guestbook.ru\framework\web\filters\CFilterChain.php(133): CController->runAction(Object(CInlineAction))
#10 Z:\home\guestbook.ru\framework\web\filters\CFilter.php(40): CFilterChain->run()
#11 Z:\home\guestbook.ru\framework\web\CController.php(1145): CFilter->filter(Object(CFilterChain))
#12 Z:\home\guestbook.ru\framework\web\filters\CInlineFilter.php(58): CController->filterAccessControl(Object(CFilterChain))
#13 Z:\home\guestbook.ru\framework\web\filters\CFilterChain.php(130): CInlineFilter->filter(Object(CFilterChain))
#14 Z:\home\guestbook.ru\framework\web\CController.php(291): CFilterChain->run()
#15 Z:\home\guestbook.ru\framework\web\CController.php(265): CController->runActionWithFilters(Object(CInlineAction), Array)
#16 Z:\home\guestbook.ru\framework\web\CWebApplication.php(282): CController->run('')
#17 Z:\home\guestbook.ru\framework\web\CWebApplication.php(141): CWebApplication->runController('guests')
#18 Z:\home\guestbook.ru\framework\base\CApplication.php(180): CWebApplication->processRequest()
#19 Z:\home\guestbook.ru\www\index.php(13): CApplication->run()
#20 {main}
REQUEST_URI=/index.php?r=guests
---
2014/04/03 23:29:48 [error] [exception.CException] exception 'CException' with message 'Не определено свойство "CSqlDataProvider.cssFile".' in Z:\home\guestbook.ru\framework\base\CComponent.php:173
Stack trace:
#0 Z:\home\guestbook.ru\framework\web\CSqlDataProvider.php(68): CComponent->__set('cssFile', '/css/cgridview/...')
#1 Z:\home\guestbook.ru\www\protected\views\guests\index.php(12): CSqlDataProvider->__construct('select * from g...', Array)
#2 Z:\home\guestbook.ru\framework\web\CBaseController.php(126): require('Z:\home\guestbo...')
#3 Z:\home\guestbook.ru\framework\web\CBaseController.php(95): CBaseController->renderInternal('Z:\home\guestbo...', NULL, true)
#4 Z:\home\guestbook.ru\framework\web\CController.php(869): CBaseController->renderFile('Z:\home\guestbo...', NULL, true)
#5 Z:\home\guestbook.ru\framework\web\CController.php(782): CController->renderPartial('index', NULL, true)
#6 Z:\home\guestbook.ru\www\protected\controllers\GuestsController.php(122): CController->render('index')
#7 Z:\home\guestbook.ru\framework\web\actions\CInlineAction.php(49): GuestsController->actionIndex()
#8 Z:\home\guestbook.ru\framework\web\CController.php(308): CInlineAction->runWithParams(Array)
#9 Z:\home\guestbook.ru\framework\web\filters\CFilterChain.php(133): CController->runAction(Object(CInlineAction))
#10 Z:\home\guestbook.ru\framework\web\filters\CFilter.php(40): CFilterChain->run()
#11 Z:\home\guestbook.ru\framework\web\CController.php(1145): CFilter->filter(Object(CFilterChain))
#12 Z:\home\guestbook.ru\framework\web\filters\CInlineFilter.php(58): CController->filterAccessControl(Object(CFilterChain))
#13 Z:\home\guestbook.ru\framework\web\filters\CFilterChain.php(130): CInlineFilter->filter(Object(CFilterChain))
#14 Z:\home\guestbook.ru\framework\web\CController.php(291): CFilterChain->run()
#15 Z:\home\guestbook.ru\framework\web\CController.php(265): CController->runActionWithFilters(Object(CInlineAction), Array)
#16 Z:\home\guestbook.ru\framework\web\CWebApplication.php(282): CController->run('')
#17 Z:\home\guestbook.ru\framework\web\CWebApplication.php(141): CWebApplication->runController('guests')
#18 Z:\home\guestbook.ru\framework\base\CApplication.php(180): CWebApplication->processRequest()
#19 Z:\home\guestbook.ru\www\index.php(13): CApplication->run()
#20 {main}
REQUEST_URI=/index.php?r=guests
---
2014/04/03 23:31:15 [error] [exception.CException] exception 'CException' with message 'Не определено свойство "CSqlDataProvider.cssFile".' in Z:\home\guestbook.ru\framework\base\CComponent.php:173
Stack trace:
#0 Z:\home\guestbook.ru\framework\web\CSqlDataProvider.php(68): CComponent->__set('cssFile', '/css/cgridview/...')
#1 Z:\home\guestbook.ru\www\protected\views\guests\index.php(12): CSqlDataProvider->__construct('select * from g...', Array)
#2 Z:\home\guestbook.ru\framework\web\CBaseController.php(126): require('Z:\home\guestbo...')
#3 Z:\home\guestbook.ru\framework\web\CBaseController.php(95): CBaseController->renderInternal('Z:\home\guestbo...', NULL, true)
#4 Z:\home\guestbook.ru\framework\web\CController.php(869): CBaseController->renderFile('Z:\home\guestbo...', NULL, true)
#5 Z:\home\guestbook.ru\framework\web\CController.php(782): CController->renderPartial('index', NULL, true)
#6 Z:\home\guestbook.ru\www\protected\controllers\GuestsController.php(122): CController->render('index')
#7 Z:\home\guestbook.ru\framework\web\actions\CInlineAction.php(49): GuestsController->actionIndex()
#8 Z:\home\guestbook.ru\framework\web\CController.php(308): CInlineAction->runWithParams(Array)
#9 Z:\home\guestbook.ru\framework\web\filters\CFilterChain.php(133): CController->runAction(Object(CInlineAction))
#10 Z:\home\guestbook.ru\framework\web\filters\CFilter.php(40): CFilterChain->run()
#11 Z:\home\guestbook.ru\framework\web\CController.php(1145): CFilter->filter(Object(CFilterChain))
#12 Z:\home\guestbook.ru\framework\web\filters\CInlineFilter.php(58): CController->filterAccessControl(Object(CFilterChain))
#13 Z:\home\guestbook.ru\framework\web\filters\CFilterChain.php(130): CInlineFilter->filter(Object(CFilterChain))
#14 Z:\home\guestbook.ru\framework\web\CController.php(291): CFilterChain->run()
#15 Z:\home\guestbook.ru\framework\web\CController.php(265): CController->runActionWithFilters(Object(CInlineAction), Array)
#16 Z:\home\guestbook.ru\framework\web\CWebApplication.php(282): CController->run('')
#17 Z:\home\guestbook.ru\framework\web\CWebApplication.php(141): CWebApplication->runController('guests')
#18 Z:\home\guestbook.ru\framework\base\CApplication.php(180): CWebApplication->processRequest()
#19 Z:\home\guestbook.ru\www\index.php(13): CApplication->run()
#20 {main}
REQUEST_URI=/index.php?r=guests
---
2014/04/03 23:31:17 [error] [exception.CException] exception 'CException' with message 'Не определено свойство "CSqlDataProvider.cssFile".' in Z:\home\guestbook.ru\framework\base\CComponent.php:173
Stack trace:
#0 Z:\home\guestbook.ru\framework\web\CSqlDataProvider.php(68): CComponent->__set('cssFile', '/css/cgridview/...')
#1 Z:\home\guestbook.ru\www\protected\views\guests\index.php(12): CSqlDataProvider->__construct('select * from g...', Array)
#2 Z:\home\guestbook.ru\framework\web\CBaseController.php(126): require('Z:\home\guestbo...')
#3 Z:\home\guestbook.ru\framework\web\CBaseController.php(95): CBaseController->renderInternal('Z:\home\guestbo...', NULL, true)
#4 Z:\home\guestbook.ru\framework\web\CController.php(869): CBaseController->renderFile('Z:\home\guestbo...', NULL, true)
#5 Z:\home\guestbook.ru\framework\web\CController.php(782): CController->renderPartial('index', NULL, true)
#6 Z:\home\guestbook.ru\www\protected\controllers\GuestsController.php(122): CController->render('index')
#7 Z:\home\guestbook.ru\framework\web\actions\CInlineAction.php(49): GuestsController->actionIndex()
#8 Z:\home\guestbook.ru\framework\web\CController.php(308): CInlineAction->runWithParams(Array)
#9 Z:\home\guestbook.ru\framework\web\filters\CFilterChain.php(133): CController->runAction(Object(CInlineAction))
#10 Z:\home\guestbook.ru\framework\web\filters\CFilter.php(40): CFilterChain->run()
#11 Z:\home\guestbook.ru\framework\web\CController.php(1145): CFilter->filter(Object(CFilterChain))
#12 Z:\home\guestbook.ru\framework\web\filters\CInlineFilter.php(58): CController->filterAccessControl(Object(CFilterChain))
#13 Z:\home\guestbook.ru\framework\web\filters\CFilterChain.php(130): CInlineFilter->filter(Object(CFilterChain))
#14 Z:\home\guestbook.ru\framework\web\CController.php(291): CFilterChain->run()
#15 Z:\home\guestbook.ru\framework\web\CController.php(265): CController->runActionWithFilters(Object(CInlineAction), Array)
#16 Z:\home\guestbook.ru\framework\web\CWebApplication.php(282): CController->run('')
#17 Z:\home\guestbook.ru\framework\web\CWebApplication.php(141): CWebApplication->runController('guests')
#18 Z:\home\guestbook.ru\framework\base\CApplication.php(180): CWebApplication->processRequest()
#19 Z:\home\guestbook.ru\www\index.php(13): CApplication->run()
#20 {main}
REQUEST_URI=/index.php?r=guests
---
2014/04/03 23:31:19 [error] [exception.CException] exception 'CException' with message 'Не определено свойство "CSqlDataProvider.cssFile".' in Z:\home\guestbook.ru\framework\base\CComponent.php:173
Stack trace:
#0 Z:\home\guestbook.ru\framework\web\CSqlDataProvider.php(68): CComponent->__set('cssFile', '/css/cgridview/...')
#1 Z:\home\guestbook.ru\www\protected\views\guests\index.php(12): CSqlDataProvider->__construct('select * from g...', Array)
#2 Z:\home\guestbook.ru\framework\web\CBaseController.php(126): require('Z:\home\guestbo...')
#3 Z:\home\guestbook.ru\framework\web\CBaseController.php(95): CBaseController->renderInternal('Z:\home\guestbo...', NULL, true)
#4 Z:\home\guestbook.ru\framework\web\CController.php(869): CBaseController->renderFile('Z:\home\guestbo...', NULL, true)
#5 Z:\home\guestbook.ru\framework\web\CController.php(782): CController->renderPartial('index', NULL, true)
#6 Z:\home\guestbook.ru\www\protected\controllers\GuestsController.php(122): CController->render('index')
#7 Z:\home\guestbook.ru\framework\web\actions\CInlineAction.php(49): GuestsController->actionIndex()
#8 Z:\home\guestbook.ru\framework\web\CController.php(308): CInlineAction->runWithParams(Array)
#9 Z:\home\guestbook.ru\framework\web\filters\CFilterChain.php(133): CController->runAction(Object(CInlineAction))
#10 Z:\home\guestbook.ru\framework\web\filters\CFilter.php(40): CFilterChain->run()
#11 Z:\home\guestbook.ru\framework\web\CController.php(1145): CFilter->filter(Object(CFilterChain))
#12 Z:\home\guestbook.ru\framework\web\filters\CInlineFilter.php(58): CController->filterAccessControl(Object(CFilterChain))
#13 Z:\home\guestbook.ru\framework\web\filters\CFilterChain.php(130): CInlineFilter->filter(Object(CFilterChain))
#14 Z:\home\guestbook.ru\framework\web\CController.php(291): CFilterChain->run()
#15 Z:\home\guestbook.ru\framework\web\CController.php(265): CController->runActionWithFilters(Object(CInlineAction), Array)
#16 Z:\home\guestbook.ru\framework\web\CWebApplication.php(282): CController->run('')
#17 Z:\home\guestbook.ru\framework\web\CWebApplication.php(141): CWebApplication->runController('guests')
#18 Z:\home\guestbook.ru\framework\base\CApplication.php(180): CWebApplication->processRequest()
#19 Z:\home\guestbook.ru\www\index.php(13): CApplication->run()
#20 {main}
REQUEST_URI=/index.php?r=guests
---
2014/04/04 09:45:58 [error] [exception.CHttpException.404] exception 'CHttpException' with message 'Невозможно обработать запрос "пшш".' in Z:\home\guestbook.ru\framework\web\CWebApplication.php:286
Stack trace:
#0 Z:\home\guestbook.ru\framework\web\CWebApplication.php(141): CWebApplication->runController('??????')
#1 Z:\home\guestbook.ru\framework\base\CApplication.php(180): CWebApplication->processRequest()
#2 Z:\home\guestbook.ru\www\index.php(13): CApplication->run()
#3 {main}
REQUEST_URI=/index.php?r=%D0%BF%D1%88%D1%88
---
2014/04/04 11:16:34 [error] [exception.CHttpException.404] exception 'CHttpException' with message 'Невозможно обработать запрос "пшш".' in Z:\home\guestbook.ru\framework\web\CWebApplication.php:286
Stack trace:
#0 Z:\home\guestbook.ru\framework\web\CWebApplication.php(141): CWebApplication->runController('??????')
#1 Z:\home\guestbook.ru\framework\base\CApplication.php(180): CWebApplication->processRequest()
#2 Z:\home\guestbook.ru\www\index.php(13): CApplication->run()
#3 {main}
REQUEST_URI=/index.php?r=%D0%BF%D1%88%D1%88
---
2014/04/04 11:55:52 [error] [exception.CHttpException.404] exception 'CHttpException' with message 'Невозможно обработать запрос "submguests".' in Z:\home\guestbook.ru\framework\web\CWebApplication.php:286
Stack trace:
#0 Z:\home\guestbook.ru\framework\web\CWebApplication.php(141): CWebApplication->runController('submguests')
#1 Z:\home\guestbook.ru\framework\base\CApplication.php(180): CWebApplication->processRequest()
#2 Z:\home\guestbook.ru\www\index.php(13): CApplication->run()
#3 {main}
REQUEST_URI=/index.php?r=submguests
---
2014/04/04 11:56:35 [error] [exception.CHttpException.404] exception 'CHttpException' with message 'Невозможно обработать запрос "submguests".' in Z:\home\guestbook.ru\framework\web\CWebApplication.php:286
Stack trace:
#0 Z:\home\guestbook.ru\framework\web\CWebApplication.php(141): CWebApplication->runController('submguests')
#1 Z:\home\guestbook.ru\framework\base\CApplication.php(180): CWebApplication->processRequest()
#2 Z:\home\guestbook.ru\www\index.php(13): CApplication->run()
#3 {main}
REQUEST_URI=/index.php?r=submguests
HTTP_REFERER=http://www.guestbook.ru/index.php?r=guests
---
2014/04/04 11:57:24 [error] [exception.CHttpException.404] exception 'CHttpException' with message 'Невозможно обработать запрос "submguests".' in Z:\home\guestbook.ru\framework\web\CWebApplication.php:286
Stack trace:
#0 Z:\home\guestbook.ru\framework\web\CWebApplication.php(141): CWebApplication->runController('submguests')
#1 Z:\home\guestbook.ru\framework\base\CApplication.php(180): CWebApplication->processRequest()
#2 Z:\home\guestbook.ru\www\index.php(13): CApplication->run()
#3 {main}
REQUEST_URI=/index.php?r=submguests
HTTP_REFERER=http://www.guestbook.ru/index.php?r=guests
---
2014/04/04 11:57:57 [error] [exception.CHttpException.404] exception 'CHttpException' with message 'Невозможно обработать запрос "submguests".' in Z:\home\guestbook.ru\framework\web\CWebApplication.php:286
Stack trace:
#0 Z:\home\guestbook.ru\framework\web\CWebApplication.php(141): CWebApplication->runController('submguests')
#1 Z:\home\guestbook.ru\framework\base\CApplication.php(180): CWebApplication->processRequest()
#2 Z:\home\guestbook.ru\www\index.php(13): CApplication->run()
#3 {main}
REQUEST_URI=/index.php?r=submguests
HTTP_REFERER=http://www.guestbook.ru/index.php?r=guests
---
2014/04/04 11:58:23 [error] [exception.CHttpException.404] exception 'CHttpException' with message 'Невозможно обработать запрос "submguests".' in Z:\home\guestbook.ru\framework\web\CWebApplication.php:286
Stack trace:
#0 Z:\home\guestbook.ru\framework\web\CWebApplication.php(141): CWebApplication->runController('submguests')
#1 Z:\home\guestbook.ru\framework\base\CApplication.php(180): CWebApplication->processRequest()
#2 Z:\home\guestbook.ru\www\index.php(13): CApplication->run()
#3 {main}
REQUEST_URI=/index.php?r=submguests
HTTP_REFERER=http://www.guestbook.ru/index.php?r=guests
---
2014/04/04 11:58:32 [error] [exception.CHttpException.404] exception 'CHttpException' with message 'Невозможно обработать запрос "submguests".' in Z:\home\guestbook.ru\framework\web\CWebApplication.php:286
Stack trace:
#0 Z:\home\guestbook.ru\framework\web\CWebApplication.php(141): CWebApplication->runController('submguests')
#1 Z:\home\guestbook.ru\framework\base\CApplication.php(180): CWebApplication->processRequest()
#2 Z:\home\guestbook.ru\www\index.php(13): CApplication->run()
#3 {main}
REQUEST_URI=/index.php?r=submguests
HTTP_REFERER=http://www.guestbook.ru/index.php?r=guests
---
2014/04/04 11:58:55 [error] [exception.CHttpException.404] exception 'CHttpException' with message 'Невозможно обработать запрос "submguests".' in Z:\home\guestbook.ru\framework\web\CWebApplication.php:286
Stack trace:
#0 Z:\home\guestbook.ru\framework\web\CWebApplication.php(141): CWebApplication->runController('submguests')
#1 Z:\home\guestbook.ru\framework\base\CApplication.php(180): CWebApplication->processRequest()
#2 Z:\home\guestbook.ru\www\index.php(13): CApplication->run()
#3 {main}
REQUEST_URI=/index.php?r=submguests
HTTP_REFERER=http://www.guestbook.ru/index.php?r=guests
---
2014/04/04 12:00:07 [error] [exception.CHttpException.404] exception 'CHttpException' with message 'Невозможно обработать запрос "submguests".' in Z:\home\guestbook.ru\framework\web\CWebApplication.php:286
Stack trace:
#0 Z:\home\guestbook.ru\framework\web\CWebApplication.php(141): CWebApplication->runController('submguests')
#1 Z:\home\guestbook.ru\framework\base\CApplication.php(180): CWebApplication->processRequest()
#2 Z:\home\guestbook.ru\www\index.php(13): CApplication->run()
#3 {main}
REQUEST_URI=/index.php?r=submguests
HTTP_REFERER=http://www.guestbook.ru/index.php?r=guests
---
2014/04/04 12:00:10 [error] [exception.CHttpException.404] exception 'CHttpException' with message 'Невозможно обработать запрос "submguests".' in Z:\home\guestbook.ru\framework\web\CWebApplication.php:286
Stack trace:
#0 Z:\home\guestbook.ru\framework\web\CWebApplication.php(141): CWebApplication->runController('submguests')
#1 Z:\home\guestbook.ru\framework\base\CApplication.php(180): CWebApplication->processRequest()
#2 Z:\home\guestbook.ru\www\index.php(13): CApplication->run()
#3 {main}
REQUEST_URI=/index.php?r=submguests
HTTP_REFERER=http://www.guestbook.ru/index.php?r=guests
---
2014/04/04 12:00:34 [error] [exception.CHttpException.404] exception 'CHttpException' with message 'Невозможно обработать запрос "submguests".' in Z:\home\guestbook.ru\framework\web\CWebApplication.php:286
Stack trace:
#0 Z:\home\guestbook.ru\framework\web\CWebApplication.php(141): CWebApplication->runController('submguests')
#1 Z:\home\guestbook.ru\framework\base\CApplication.php(180): CWebApplication->processRequest()
#2 Z:\home\guestbook.ru\www\index.php(13): CApplication->run()
#3 {main}
REQUEST_URI=/index.php?r=submguests
HTTP_REFERER=http://www.guestbook.ru/index.php?r=guests
---
2014/04/04 12:01:15 [error] [exception.CHttpException.404] exception 'CHttpException' with message 'Невозможно обработать запрос "submguests".' in Z:\home\guestbook.ru\framework\web\CWebApplication.php:286
Stack trace:
#0 Z:\home\guestbook.ru\framework\web\CWebApplication.php(141): CWebApplication->runController('submguests')
#1 Z:\home\guestbook.ru\framework\base\CApplication.php(180): CWebApplication->processRequest()
#2 Z:\home\guestbook.ru\www\index.php(13): CApplication->run()
#3 {main}
REQUEST_URI=/index.php?r=submguests
HTTP_REFERER=http://www.guestbook.ru/index.php?r=guests
---
2014/04/04 12:01:18 [error] [exception.CHttpException.404] exception 'CHttpException' with message 'Невозможно обработать запрос "submguests".' in Z:\home\guestbook.ru\framework\web\CWebApplication.php:286
Stack trace:
#0 Z:\home\guestbook.ru\framework\web\CWebApplication.php(141): CWebApplication->runController('submguests')
#1 Z:\home\guestbook.ru\framework\base\CApplication.php(180): CWebApplication->processRequest()
#2 Z:\home\guestbook.ru\www\index.php(13): CApplication->run()
#3 {main}
REQUEST_URI=/index.php?r=submguests
HTTP_REFERER=http://www.guestbook.ru/index.php?r=guests
---
2014/04/04 12:01:43 [error] [exception.CHttpException.404] exception 'CHttpException' with message 'Невозможно обработать запрос "submguests".' in Z:\home\guestbook.ru\framework\web\CWebApplication.php:286
Stack trace:
#0 Z:\home\guestbook.ru\framework\web\CWebApplication.php(141): CWebApplication->runController('submguests')
#1 Z:\home\guestbook.ru\framework\base\CApplication.php(180): CWebApplication->processRequest()
#2 Z:\home\guestbook.ru\www\index.php(13): CApplication->run()
#3 {main}
REQUEST_URI=/index.php?r=submguests
HTTP_REFERER=http://www.guestbook.ru/index.php?r=guests
---
2014/04/04 12:01:47 [error] [exception.CHttpException.404] exception 'CHttpException' with message 'Невозможно обработать запрос "submguests".' in Z:\home\guestbook.ru\framework\web\CWebApplication.php:286
Stack trace:
#0 Z:\home\guestbook.ru\framework\web\CWebApplication.php(141): CWebApplication->runController('submguests')
#1 Z:\home\guestbook.ru\framework\base\CApplication.php(180): CWebApplication->processRequest()
#2 Z:\home\guestbook.ru\www\index.php(13): CApplication->run()
#3 {main}
REQUEST_URI=/index.php?r=submguests
HTTP_REFERER=http://www.guestbook.ru/index.php?r=guests
---
2014/04/04 12:05:15 [error] [exception.CHttpException.404] exception 'CHttpException' with message 'Невозможно обработать запрос "submguests".' in Z:\home\guestbook.ru\framework\web\CWebApplication.php:286
Stack trace:
#0 Z:\home\guestbook.ru\framework\web\CWebApplication.php(141): CWebApplication->runController('submguests')
#1 Z:\home\guestbook.ru\framework\base\CApplication.php(180): CWebApplication->processRequest()
#2 Z:\home\guestbook.ru\www\index.php(13): CApplication->run()
#3 {main}
REQUEST_URI=/index.php?r=submguests
HTTP_REFERER=http://www.guestbook.ru/index.php?r=guests
---
2014/04/04 12:05:42 [error] [exception.CHttpException.404] exception 'CHttpException' with message 'Невозможно обработать запрос "submguests".' in Z:\home\guestbook.ru\framework\web\CWebApplication.php:286
Stack trace:
#0 Z:\home\guestbook.ru\framework\web\CWebApplication.php(141): CWebApplication->runController('submguests')
#1 Z:\home\guestbook.ru\framework\base\CApplication.php(180): CWebApplication->processRequest()
#2 Z:\home\guestbook.ru\www\index.php(13): CApplication->run()
#3 {main}
REQUEST_URI=/index.php?r=submguests
HTTP_REFERER=http://www.guestbook.ru/index.php?r=guests
---
2014/04/04 12:06:01 [error] [exception.CHttpException.404] exception 'CHttpException' with message 'Невозможно обработать запрос "submguests".' in Z:\home\guestbook.ru\framework\web\CWebApplication.php:286
Stack trace:
#0 Z:\home\guestbook.ru\framework\web\CWebApplication.php(141): CWebApplication->runController('submguests')
#1 Z:\home\guestbook.ru\framework\base\CApplication.php(180): CWebApplication->processRequest()
#2 Z:\home\guestbook.ru\www\index.php(13): CApplication->run()
#3 {main}
REQUEST_URI=/index.php?r=submguests
HTTP_REFERER=http://www.guestbook.ru/index.php?r=guests
---
2014/04/04 12:08:10 [error] [exception.CHttpException.404] exception 'CHttpException' with message 'Невозможно обработать запрос "submguests".' in Z:\home\guestbook.ru\framework\web\CWebApplication.php:286
Stack trace:
#0 Z:\home\guestbook.ru\framework\web\CWebApplication.php(141): CWebApplication->runController('submguests')
#1 Z:\home\guestbook.ru\framework\base\CApplication.php(180): CWebApplication->processRequest()
#2 Z:\home\guestbook.ru\www\index.php(13): CApplication->run()
#3 {main}
REQUEST_URI=/index.php?r=submguests
HTTP_REFERER=http://www.guestbook.ru/index.php?r=guests
---
2014/04/04 12:08:19 [error] [exception.CHttpException.404] exception 'CHttpException' with message 'Невозможно обработать запрос "submguests".' in Z:\home\guestbook.ru\framework\web\CWebApplication.php:286
Stack trace:
#0 Z:\home\guestbook.ru\framework\web\CWebApplication.php(141): CWebApplication->runController('submguests')
#1 Z:\home\guestbook.ru\framework\base\CApplication.php(180): CWebApplication->processRequest()
#2 Z:\home\guestbook.ru\www\index.php(13): CApplication->run()
#3 {main}
REQUEST_URI=/index.php?r=submguests
HTTP_REFERER=http://www.guestbook.ru/index.php?r=guests
---
2014/04/04 12:08:56 [error] [exception.CHttpException.404] exception 'CHttpException' with message 'Невозможно обработать запрос "submguests".' in Z:\home\guestbook.ru\framework\web\CWebApplication.php:286
Stack trace:
#0 Z:\home\guestbook.ru\framework\web\CWebApplication.php(141): CWebApplication->runController('submguests')
#1 Z:\home\guestbook.ru\framework\base\CApplication.php(180): CWebApplication->processRequest()
#2 Z:\home\guestbook.ru\www\index.php(13): CApplication->run()
#3 {main}
REQUEST_URI=/index.php?r=submguests
HTTP_REFERER=http://www.guestbook.ru/index.php?r=guests
---
2014/04/04 12:09:00 [error] [exception.CHttpException.404] exception 'CHttpException' with message 'Невозможно обработать запрос "submguests".' in Z:\home\guestbook.ru\framework\web\CWebApplication.php:286
Stack trace:
#0 Z:\home\guestbook.ru\framework\web\CWebApplication.php(141): CWebApplication->runController('submguests')
#1 Z:\home\guestbook.ru\framework\base\CApplication.php(180): CWebApplication->processRequest()
#2 Z:\home\guestbook.ru\www\index.php(13): CApplication->run()
#3 {main}
REQUEST_URI=/index.php?r=submguests
HTTP_REFERER=http://www.guestbook.ru/index.php?r=guests
---
